<?xml version="1.0" encoding="UTF-8"?>
<robot generator="Robot 7.3.2 (Python 3.14.0 on win32)" generated="2025-11-10T10:25:50.745244" rpa="false" schemaversion="5">
<suite id="s1" name="Test" source="C:\Users\JussiJokinen_k5ltbdd\automationexercise\tests\test.robot">
<test id="s1-t1" name="Open Home Page And Verify" line="7">
<kw name="Open Home Page" owner="HomePage">
<msg time="2025-11-10T10:25:50.914937" level="INFO">Opening browser 'chrome' to base url 'https://automationexercise.com/'.</msg>
<status status="PASS" start="2025-11-10T10:25:50.914808" elapsed="2.350221"/>
</kw>
<kw name="Consent Cookies" owner="HomePage">
<msg time="2025-11-10T10:25:54.790729" level="INFO">Clicking element '//button[@aria-label='Consent']'.</msg>
<status status="PASS" start="2025-11-10T10:25:53.265325" elapsed="1.598994"/>
</kw>
<kw name="Is Home Page Loaded" owner="HomePage">
<msg time="2025-11-10T10:25:54.895569" level="INFO">Element '//img[@alt='Website for automation practice']' is displayed.</msg>
<msg time="2025-11-10T10:25:54.918263" level="INFO">Element '//a[normalize-space()='Home']' is displayed.</msg>
<status status="PASS" start="2025-11-10T10:25:54.864704" elapsed="0.053643"/>
</kw>
<kw name="Is Featured Items Visible" owner="HomePage">
<msg time="2025-11-10T10:25:54.930678" level="INFO">Element '//h2[normalize-space()='Features Items']' is displayed.</msg>
<status status="PASS" start="2025-11-10T10:25:54.918601" elapsed="0.012163"/>
</kw>
<kw name="Close Browser" owner="SeleniumLibrary">
<doc>Closes the current browser.</doc>
<status status="PASS" start="2025-11-10T10:25:54.931025" elapsed="2.105465"/>
</kw>
<doc>Open the Automation Exercise home page and check main elements</doc>
<status status="PASS" start="2025-11-10T10:25:50.913967" elapsed="6.123559"/>
</test>
<test id="s1-t2" name="Click Test Cases Button" line="15">
<kw name="Open Home Page" owner="HomePage">
<msg time="2025-11-10T10:25:57.041146" level="INFO">Opening browser 'chrome' to base url 'https://automationexercise.com/'.</msg>
<status status="PASS" start="2025-11-10T10:25:57.040867" elapsed="2.510260"/>
</kw>
<kw name="Consent Cookies" owner="HomePage">
<msg time="2025-11-10T10:25:59.581205" level="INFO">Clicking element '//button[@aria-label='Consent']'.</msg>
<status status="PASS" start="2025-11-10T10:25:59.551767" elapsed="0.110629"/>
</kw>
<kw name="Click Test Cases" owner="HomePage">
<msg time="2025-11-10T10:25:59.662976" level="INFO">Clicking element '//a[@href='/test_cases']'.</msg>
<status status="PASS" start="2025-11-10T10:25:59.662772" elapsed="0.802172"/>
</kw>
<kw name="Close Browser" owner="SeleniumLibrary">
<doc>Closes the current browser.</doc>
<status status="PASS" start="2025-11-10T10:26:00.465502" elapsed="2.135908"/>
</kw>
<doc>Open the Automation Exercise home page and check main elements</doc>
<status status="PASS" start="2025-11-10T10:25:57.039638" elapsed="5.562581"/>
</test>
<status status="PASS" start="2025-11-10T10:25:50.746343" elapsed="11.857373"/>
</suite>
<statistics>
<total>
<stat pass="2" fail="0" skip="0">All Tests</stat>
</total>
<tag>
</tag>
<suite>
<stat name="Test" id="s1" pass="2" fail="0" skip="0">Test</stat>
</suite>
</statistics>
<errors>
</errors>
</robot>
